<?xml version="1.0" encoding="UTF-8"?>
<!-- Generated by org.testng.reporters.JUnitReportReporter -->
<testsuite skipped="0" hostname="darpe-PC" name="com.wbl.test.LoginPageTest" tests="3" failures="0" timestamp="30 Aug 2017 18:15:13 GMT" time="2.615" errors="0">
  <testcase name="testForgotPassword" time="0.352" classname="com.wbl.test.LoginPageTest"/>
  <testcase name="testBreadCrumbs" time="0.179" classname="com.wbl.test.LoginPageTest"/>
  <testcase name="testLogin" time="2.084" classname="com.wbl.test.LoginPageTest"/>
</testsuite> <!-- com.wbl.test.LoginPageTest -->
